Using pre-set license
Built from '2020.3/staging' branch; Version is '2020.3.14f1 (d0d1bb862f9d) revision 13685179'; Using compiler version '192528614'; Build Type 'Release'
OS: 'Windows 10 Home; OS build 19043.1288; Version 2009; 64bit' Language: 'en' Physical Memory: 16308 MB
BatchMode: 1, IsHumanControllingUs: 0, StartBugReporterOnCrash: 0, Is64bit: 1, IsPro: 0

 COMMAND LINE ARGUMENTS:
C:\Program Files\Unity\Hub\Editor\2020.3.14f1\Editor\Unity.exe
-adb2
-batchMode
-noUpm
-name
AssetImportWorker0
-projectPath
C:/Users/User/source/repos/CMPM146_P5/src/Player
-logFile
Logs/AssetImportWorker0.log
-srvPort
63014
Successfully changed project path to: C:/Users/User/source/repos/CMPM146_P5/src/Player
C:/Users/User/source/repos/CMPM146_P5/src/Player
Using Asset Import Pipeline V2.
Refreshing native plugins compatible for Editor in 43.08 ms, found 2 plugins.
Preloading 0 native plugins for Editor in 0.00 ms.
Initialize engine version: 2020.3.14f1 (d0d1bb862f9d)
[Subsystems] Discovering subsystems at path C:/Program Files/Unity/Hub/Editor/2020.3.14f1/Editor/Data/Resources/UnitySubsystems
[Subsystems] Discovering subsystems at path C:/Users/User/source/repos/CMPM146_P5/src/Player/Assets
GfxDevice: creating device client; threaded=0
Direct3D:
    Version:  Direct3D 11.0 [level 11.1]
    Renderer: NVIDIA GeForce GTX 1080 Ti (ID=0x1b06)
    Vendor:   
    VRAM:     11127 MB
    Driver:   30.0.14.7168
Initialize mono
Mono path[0] = 'C:/Program Files/Unity/Hub/Editor/2020.3.14f1/Editor/Data/Managed'
Mono path[1] = 'C:/Program Files/Unity/Hub/Editor/2020.3.14f1/Editor/Data/MonoBleedingEdge/lib/mono/unityjit'
Mono config path = 'C:/Program Files/Unity/Hub/Editor/2020.3.14f1/Editor/Data/MonoBleedingEdge/etc'
Using monoOptions --debugger-agent=transport=dt_socket,embedding=1,server=y,suspend=n,address=127.0.0.1:56468
Begin MonoManager ReloadAssembly
Registering precompiled unity dll's ...
Register platform support module: C:/Program Files/Unity/Hub/Editor/2020.3.14f1/Editor/Data/PlaybackEngines/WindowsStandaloneSupport/UnityEditor.WindowsStandalone.Extensions.dll
Registered in 0.001540 seconds.
Native extension for WindowsStandalone target not found
Refreshing native plugins compatible for Editor in 36.25 ms, found 2 plugins.
Preloading 0 native plugins for Editor in 0.00 ms.
Mono: successfully reloaded assembly
- Completed reload, in  0.891 seconds
Domain Reload Profiling:
	ReloadAssembly (891ms)
		BeginReloadAssembly (47ms)
			ExecutionOrderSort (0ms)
			DisableScriptedObjects (0ms)
			BackupInstance (0ms)
			ReleaseScriptingObjects (0ms)
			CreateAndSetChildDomain (1ms)
		EndReloadAssembly (365ms)
			LoadAssemblies (45ms)
			RebuildTransferFunctionScriptingTraits (0ms)
			SetupTypeCache (131ms)
			ReleaseScriptCaches (0ms)
			RebuildScriptCaches (27ms)
			SetupLoadedEditorAssemblies (147ms)
				LogAssemblyErrors (0ms)
				InitializePlatformSupportModulesInManaged (3ms)
				SetLoadedEditorAssemblies (0ms)
				RefreshPlugins (36ms)
				BeforeProcessingInitializeOnLoad (9ms)
				ProcessInitializeOnLoadAttributes (71ms)
				ProcessInitializeOnLoadMethodAttributes (27ms)
				AfterProcessingInitializeOnLoad (0ms)
				EditorAssembliesLoaded (0ms)
			ExecutionOrderSort2 (0ms)
			AwakeInstancesAfterBackupRestoration (0ms)
Platform modules already initialized, skipping
Registering precompiled user dll's ...
Registered in 0.004866 seconds.
Begin MonoManager ReloadAssembly
Native extension for WindowsStandalone target not found
Refreshing native plugins compatible for Editor in 0.47 ms, found 2 plugins.
Preloading 0 native plugins for Editor in 0.00 ms.
Mono: successfully reloaded assembly
- Completed reload, in  0.933 seconds
Domain Reload Profiling:
	ReloadAssembly (934ms)
		BeginReloadAssembly (122ms)
			ExecutionOrderSort (0ms)
			DisableScriptedObjects (4ms)
			BackupInstance (0ms)
			ReleaseScriptingObjects (0ms)
			CreateAndSetChildDomain (14ms)
		EndReloadAssembly (756ms)
			LoadAssemblies (77ms)
			RebuildTransferFunctionScriptingTraits (0ms)
			SetupTypeCache (231ms)
			ReleaseScriptCaches (0ms)
			RebuildScriptCaches (37ms)
			SetupLoadedEditorAssemblies (328ms)
				LogAssemblyErrors (0ms)
				InitializePlatformSupportModulesInManaged (4ms)
				SetLoadedEditorAssemblies (0ms)
				RefreshPlugins (1ms)
				BeforeProcessingInitializeOnLoad (93ms)
				ProcessInitializeOnLoadAttributes (191ms)
				ProcessInitializeOnLoadMethodAttributes (33ms)
				AfterProcessingInitializeOnLoad (5ms)
				EditorAssembliesLoaded (0ms)
			ExecutionOrderSort2 (0ms)
			AwakeInstancesAfterBackupRestoration (7ms)
Platform modules already initialized, skipping
========================================================================
Worker process is ready to serve import requests
Launched and connected shader compiler UnityShaderCompiler.exe after 0.04 seconds
Refreshing native plugins compatible for Editor in 0.55 ms, found 2 plugins.
Preloading 0 native plugins for Editor in 0.00 ms.
Unloading 1965 Unused Serialized files (Serialized files now loaded: 0)
System memory in use before: 80.9 MB.
System memory in use after: 81.0 MB.

Unloading 58 unused Assets to reduce memory usage. Loaded Objects now: 2368.
Total: 4.796800 ms (FindLiveObjects: 0.140500 ms CreateObjectMapping: 0.052300 ms MarkObjects: 4.504400 ms  DeleteObjects: 0.098800 ms)

AssetImportParameters requested are different than current active one (requested -> active):
  custom:framework-win-MediaFoundation: 216162199b28c13a410421893ffa2e32 -> 
  custom:video-decoder-ogg-theora: a1e56fd34408186e4bbccfd4996cb3dc -> 
  custom:container-muxer-webm: aa71ff27fc2769a1b78a27578f13a17b -> 
  custom:container-demuxer-webm: 4f35f7cbe854078d1ac9338744f61a02 -> 
  custom:container-demuxer-ogg: 62fdf1f143b41e24485cea50d1cbac27 -> 
  custom:video-encoder-webm-vp8: eb34c28f22e8b96e1ab97ce403110664 -> 
  custom:video-decoder-webm-vp8: 9c59270c3fd7afecdb556c50c9e8de78 -> 
  custom:audio-decoder-ogg-vorbis: bf7c407c2cedff20999df2af8eb42d56 -> 
  custom:audio-encoder-webm-vorbis: bf7c407c2cedff20999df2af8eb42d56 -> 
========================================================================
Received Import Request.
  path: Assets/Audio/sprout.wav
  artifactKey: Guid(da0be1f27989644c9b2b972e6250779c) Importer(815301076,1909f56bfc062723c751e8b465ee728b)
Start importing Assets/Audio/sprout.wav using Guid(da0be1f27989644c9b2b972e6250779c) Importer(815301076,1909f56bfc062723c751e8b465ee728b)  -> (artifact id: '0a93f07989a156cc9a78ef90f3dd74f0') in 0.118243 seconds 
  Import took 0.120887 seconds .

========================================================================
Received Import Request.
  Time since last request: 0.000214 seconds.
  path: Assets/Audio/1-up.wav
  artifactKey: Guid(3075569ee9c38488a82370572a8e9328) Importer(815301076,1909f56bfc062723c751e8b465ee728b)
Start importing Assets/Audio/1-up.wav using Guid(3075569ee9c38488a82370572a8e9328) Importer(815301076,1909f56bfc062723c751e8b465ee728b)  -> (artifact id: '047b79b3221f36f250a3fab8602a559a') in 0.012833 seconds 
  Import took 0.015345 seconds .

========================================================================
Received Import Request.
  Time since last request: 0.000205 seconds.
  path: Assets/Audio/stomp.wav
  artifactKey: Guid(491178714be95452d9d63044b9af0288) Importer(815301076,1909f56bfc062723c751e8b465ee728b)
Start importing Assets/Audio/stomp.wav using Guid(491178714be95452d9d63044b9af0288) Importer(815301076,1909f56bfc062723c751e8b465ee728b)  -> (artifact id: '1f8ce1e9070b899a20d323810c0791dc') in 0.009925 seconds 
  Import took 0.012400 seconds .

========================================================================
Received Import Request.
  Time since last request: 0.000280 seconds.
  path: Assets/Audio/breakblock.wav
  artifactKey: Guid(0a4c3455f7c724b529fd7f1fa1dd3fbc) Importer(815301076,1909f56bfc062723c751e8b465ee728b)
Start importing Assets/Audio/breakblock.wav using Guid(0a4c3455f7c724b529fd7f1fa1dd3fbc) Importer(815301076,1909f56bfc062723c751e8b465ee728b)  -> (artifact id: 'b5c070034056ec4e25545d9bb1802055') in 0.011891 seconds 
  Import took 0.014277 seconds .

========================================================================
Received Import Request.
  Time since last request: 0.000204 seconds.
  path: Assets/Audio/kick.wav
  artifactKey: Guid(287a32b9402af4c10b2db994770debe5) Importer(815301076,1909f56bfc062723c751e8b465ee728b)
Start importing Assets/Audio/kick.wav using Guid(287a32b9402af4c10b2db994770debe5) Importer(815301076,1909f56bfc062723c751e8b465ee728b)  -> (artifact id: 'e177fda180af9fed7bd3f3b0c8b1eab9') in 0.011191 seconds 
  Import took 0.013491 seconds .

========================================================================
Received Import Request.
  Time since last request: 0.000217 seconds.
  path: Assets/Audio/jump.wav
  artifactKey: Guid(b06a03db5c9374ee5b492a3de831d49b) Importer(815301076,1909f56bfc062723c751e8b465ee728b)
Start importing Assets/Audio/jump.wav using Guid(b06a03db5c9374ee5b492a3de831d49b) Importer(815301076,1909f56bfc062723c751e8b465ee728b)  -> (artifact id: '5d3f81e868e57a45f90279aa1150a917') in 0.010827 seconds 
  Import took 0.014043 seconds .

========================================================================
Received Import Request.
  Time since last request: 0.000172 seconds.
  path: Assets/Audio/message.wav
  artifactKey: Guid(dff2c4fd8ef404fc58b6e8d341a3be53) Importer(815301076,1909f56bfc062723c751e8b465ee728b)
Start importing Assets/Audio/message.wav using Guid(dff2c4fd8ef404fc58b6e8d341a3be53) Importer(815301076,1909f56bfc062723c751e8b465ee728b)  -> (artifact id: 'b3be8b6f542f52ad28bddb761d5e3565') in 0.013573 seconds 
  Import took 0.016906 seconds .

========================================================================
Received Import Request.
  Time since last request: 0.000159 seconds.
  path: Assets/Audio/stagestart.wav
  artifactKey: Guid(2f2a9dc9d2a1f4335b5025ac4f94aa4d) Importer(815301076,1909f56bfc062723c751e8b465ee728b)
Start importing Assets/Audio/stagestart.wav using Guid(2f2a9dc9d2a1f4335b5025ac4f94aa4d) Importer(815301076,1909f56bfc062723c751e8b465ee728b)  -> (artifact id: '65536fde8f2412fe0f7c0c22bf73c5ac') in 0.017243 seconds 
  Import took 0.020899 seconds .

========================================================================
Received Import Request.
  Time since last request: 0.000181 seconds.
  path: Assets/Audio/fireball.wav
  artifactKey: Guid(f5064f4322180449cb372ce7e7a22761) Importer(815301076,1909f56bfc062723c751e8b465ee728b)
Start importing Assets/Audio/fireball.wav using Guid(f5064f4322180449cb372ce7e7a22761) Importer(815301076,1909f56bfc062723c751e8b465ee728b)  -> (artifact id: 'dd50430b286d2798aa69d189b13fd560') in 0.014449 seconds 
  Import took 0.018474 seconds .

========================================================================
Received Import Request.
  Time since last request: 0.000200 seconds.
  path: Assets/Audio/exit.wav
  artifactKey: Guid(c9ab2cee94f004c0db363a145a420eac) Importer(815301076,1909f56bfc062723c751e8b465ee728b)
Start importing Assets/Audio/exit.wav using Guid(c9ab2cee94f004c0db363a145a420eac) Importer(815301076,1909f56bfc062723c751e8b465ee728b)  -> (artifact id: '563a1596bc6256f3bf77f5cdc124963e') in 0.011299 seconds 
  Import took 0.014587 seconds .

========================================================================
Received Import Request.
  Time since last request: 0.000202 seconds.
  path: Assets/Scripts/SMBConstants.cs
  artifactKey: Guid(64e4aab17f0f840ea8885609ea300c49) Importer(815301076,1909f56bfc062723c751e8b465ee728b)
Start importing Assets/Scripts/SMBConstants.cs using Guid(64e4aab17f0f840ea8885609ea300c49) Importer(815301076,1909f56bfc062723c751e8b465ee728b)  -> (artifact id: '8e63530bccabf423db484eff9b2df0dd') in 0.009746 seconds 
  Import took 0.012335 seconds .

========================================================================
Received Import Request.
  Time since last request: 0.000240 seconds.
  path: Assets/Audio/powerdown.wav
  artifactKey: Guid(771f277c6da414401a3439ec4c43018d) Importer(815301076,1909f56bfc062723c751e8b465ee728b)
Start importing Assets/Audio/powerdown.wav using Guid(771f277c6da414401a3439ec4c43018d) Importer(815301076,1909f56bfc062723c751e8b465ee728b)  -> (artifact id: '532dfe3eb46e31822f5091613641c416') in 0.009784 seconds 
  Import took 0.012300 seconds .

========================================================================
Received Import Request.
  Time since last request: 0.000181 seconds.
  path: Assets/Audio/powerup.wav
  artifactKey: Guid(29d8f3e1cade84d6c95a5b68639b6b14) Importer(815301076,1909f56bfc062723c751e8b465ee728b)
Start importing Assets/Audio/powerup.wav using Guid(29d8f3e1cade84d6c95a5b68639b6b14) Importer(815301076,1909f56bfc062723c751e8b465ee728b)  -> (artifact id: '98fcf727166dfe4b2bf044b2b5b8ff0c') in 0.011938 seconds 
  Import took 0.014320 seconds .

========================================================================
Received Import Request.
  Time since last request: 0.000119 seconds.
  path: Assets/Audio/death.wav
  artifactKey: Guid(e913eb9afac8f4385aa2c8a5e51115ed) Importer(815301076,1909f56bfc062723c751e8b465ee728b)
Start importing Assets/Audio/death.wav using Guid(e913eb9afac8f4385aa2c8a5e51115ed) Importer(815301076,1909f56bfc062723c751e8b465ee728b)  -> (artifact id: '78df4ad17262fd6a78715e6b6741dcac') in 0.009575 seconds 
  Import took 0.011932 seconds .

========================================================================
Received Import Request.
  Time since last request: 0.000138 seconds.
  path: Assets/Audio/pipe.wav
  artifactKey: Guid(4ccca7310d9f6465db5662535884d176) Importer(815301076,1909f56bfc062723c751e8b465ee728b)
Start importing Assets/Audio/pipe.wav using Guid(4ccca7310d9f6465db5662535884d176) Importer(815301076,1909f56bfc062723c751e8b465ee728b)  -> (artifact id: 'd50860d4b468f182d78de6dd7a97e9bb') in 0.009890 seconds 
  Import took 0.012573 seconds .

========================================================================
Received Import Request.
  Time since last request: 0.000217 seconds.
  path: Assets/Audio/coin.wav
  artifactKey: Guid(434e3ca20d4854a7499f65cbe503c025) Importer(815301076,1909f56bfc062723c751e8b465ee728b)
Start importing Assets/Audio/coin.wav using Guid(434e3ca20d4854a7499f65cbe503c025) Importer(815301076,1909f56bfc062723c751e8b465ee728b)  -> (artifact id: 'b95017ecf73dfe285179a7f493e32dda') in 0.010081 seconds 
  Import took 0.012833 seconds .

========================================================================
Received Import Request.
  Time since last request: 0.000224 seconds.
  path: Assets/Audio/bump.wav
  artifactKey: Guid(354317131444d47e68d3cc7cf965c3ed) Importer(815301076,1909f56bfc062723c751e8b465ee728b)
Start importing Assets/Audio/bump.wav using Guid(354317131444d47e68d3cc7cf965c3ed) Importer(815301076,1909f56bfc062723c751e8b465ee728b)  -> (artifact id: '2b455234a47edc633277f8d7e659e8d3') in 0.009875 seconds 
  Import took 0.012409 seconds .

========================================================================
Received Import Request.
  Time since last request: 0.000256 seconds.
  path: Assets/Audio/cannon.wav
  artifactKey: Guid(212e12ba5f8e349c4822f99d263a5132) Importer(815301076,1909f56bfc062723c751e8b465ee728b)
Start importing Assets/Audio/cannon.wav using Guid(212e12ba5f8e349c4822f99d263a5132) Importer(815301076,1909f56bfc062723c751e8b465ee728b)  -> (artifact id: 'b29c4bae21d474ad062e1c8aca1123d7') in 0.011537 seconds 
  Import took 0.014217 seconds .

========================================================================
Received Import Request.
  Time since last request: 4.156880 seconds.
  path: Assets/Scripts/GameWorld
  artifactKey: Guid(3f9a574f2b1d4478293c6e4be6addb22) Importer(815301076,1909f56bfc062723c751e8b465ee728b)
Start importing Assets/Scripts/GameWorld using Guid(3f9a574f2b1d4478293c6e4be6addb22) Importer(815301076,1909f56bfc062723c751e8b465ee728b)  -> (artifact id: '26096d2c23bb9c079566c0581989a792') in 0.005726 seconds 
  Import took 0.008418 seconds .

========================================================================
Received Import Request.
  Time since last request: 1.319692 seconds.
  path: Assets/Textures/Background.png
  artifactKey: Guid(2a418a8a4da274736b0d162c8fed8ad1) Importer(815301076,1909f56bfc062723c751e8b465ee728b)
Start importing Assets/Textures/Background.png using Guid(2a418a8a4da274736b0d162c8fed8ad1) Importer(815301076,1909f56bfc062723c751e8b465ee728b)  -> (artifact id: 'a5a9538b1540987d5e32a0c25d407c03') in 0.043843 seconds 
  Import took 0.046176 seconds .

========================================================================
Received Import Request.
  Time since last request: 0.000210 seconds.
  path: Assets/Textures/Mario.png
  artifactKey: Guid(383b338d6d8cd4d17b62fb44206c3239) Importer(815301076,1909f56bfc062723c751e8b465ee728b)
Start importing Assets/Textures/Mario.png using Guid(383b338d6d8cd4d17b62fb44206c3239) Importer(815301076,1909f56bfc062723c751e8b465ee728b)  -> (artifact id: 'f4588778130ada8bc952fa3313e15b16') in 0.112446 seconds 
  Import took 0.115254 seconds .

========================================================================
Received Import Request.
  Time since last request: 0.000205 seconds.
  path: Assets/Textures/Level.png
  artifactKey: Guid(cbab5c21c114146218ccfb6a701291ae) Importer(815301076,1909f56bfc062723c751e8b465ee728b)
Start importing Assets/Textures/Level.png using Guid(cbab5c21c114146218ccfb6a701291ae) Importer(815301076,1909f56bfc062723c751e8b465ee728b)  -> (artifact id: 'c1bf35611daf1c0fe3d0b687b01b2b3a') in 0.231604 seconds 
  Import took 0.234208 seconds .

========================================================================
Received Import Request.
  Time since last request: 0.000207 seconds.
  path: Assets/Textures/Icon.png
  artifactKey: Guid(c7be476e89f5e43e098891cbf4bb4068) Importer(815301076,1909f56bfc062723c751e8b465ee728b)
Start importing Assets/Textures/Icon.png using Guid(c7be476e89f5e43e098891cbf4bb4068) Importer(815301076,1909f56bfc062723c751e8b465ee728b)  -> (artifact id: 'd77716a0aefd5dd7f596d54dc6c5f636') in 0.012900 seconds 
  Import took 0.015577 seconds .

========================================================================
Received Import Request.
  Time since last request: 0.000368 seconds.
  path: Assets/Textures/Particles.png
  artifactKey: Guid(dc56ada7b32074ec7b4aa908ffdf8bab) Importer(815301076,1909f56bfc062723c751e8b465ee728b)
Start importing Assets/Textures/Particles.png using Guid(dc56ada7b32074ec7b4aa908ffdf8bab) Importer(815301076,1909f56bfc062723c751e8b465ee728b)  -> (artifact id: '9b1694deaed7113ec475174c704216b9') in 0.035868 seconds 
  Import took 0.038381 seconds .

========================================================================
Received Import Request.
  Time since last request: 0.000195 seconds.
  path: Assets/Textures/items.png
  artifactKey: Guid(93814ccae5ded4d68a72f009bf7ab8f7) Importer(815301076,1909f56bfc062723c751e8b465ee728b)
Start importing Assets/Textures/items.png using Guid(93814ccae5ded4d68a72f009bf7ab8f7) Importer(815301076,1909f56bfc062723c751e8b465ee728b)  -> (artifact id: 'f74100d1e43bb6b754a77dfe07627416') in 0.015739 seconds 
  Import took 0.018468 seconds .

========================================================================
Received Import Request.
  Time since last request: 0.000203 seconds.
  path: Assets/Textures/Enemies.png
  artifactKey: Guid(16522636033234cea9c31adb76c70828) Importer(815301076,1909f56bfc062723c751e8b465ee728b)
Start importing Assets/Textures/Enemies.png using Guid(16522636033234cea9c31adb76c70828) Importer(815301076,1909f56bfc062723c751e8b465ee728b)  -> (artifact id: 'b6a70879ebe29ee02f46d8249eff6de4') in 0.040434 seconds 
  Import took 0.042990 seconds .

